<?xml version="1.0" encoding="UTF-8"?>
<!-- Generated by org.testng.reporters.JUnitReportReporter -->
<testsuite hostname="DESKTOP-OUGBKEF" failures="0" tests="1" name="testpkge.basicprgm" time="0.039" errors="0" timestamp="2024-08-26T10:21:24 IST" skipped="0">
  <testcase classname="testpkge.basicprgm" name="test" time="0.039"/>
</testsuite> <!-- testpkge.basicprgm -->
